<?xml version="1.0" encoding="UTF-8"?>
<!-- Generated by org.testng.reporters.JUnitXMLReporter -->
<testsuite hostname="DESKTOP-B4MBJ5N" ignored="0" name="Admin Tests" tests="11" failures="3" timestamp="2021-02-24T15:41:07 IST" time="3.694" errors="0">
  <testcase name="@AfterClass tearDown" time="0.001" classname="com.htc.Base.TestBase">
    <failure type="java.lang.NullPointerException">
      <![CDATA[java.lang.NullPointerException
at com.htc.Base.TestBase.tearDown(TestBase.java:63)
at java.util.concurrent.ThreadPoolExecutor.runWorker(ThreadPoolExecutor.java:1149)
at java.util.concurrent.ThreadPoolExecutor$Worker.run(ThreadPoolExecutor.java:624)
at java.lang.Thread.run(Thread.java:748)
... Removed 10 stack frames]]>
    </failure>
  </testcase> <!-- @AfterClass tearDown -->
  <testcase name="@AfterClass tearDown" time="0.001" classname="com.htc.Base.TestBase">
    <failure type="java.lang.NullPointerException">
      <![CDATA[java.lang.NullPointerException
at com.htc.Base.TestBase.tearDown(TestBase.java:63)
at java.util.concurrent.ThreadPoolExecutor.runWorker(ThreadPoolExecutor.java:1149)
at java.util.concurrent.ThreadPoolExecutor$Worker.run(ThreadPoolExecutor.java:624)
at java.lang.Thread.run(Thread.java:748)
... Removed 10 stack frames]]>
    </failure>
  </testcase> <!-- @AfterClass tearDown -->
  <testcase name="@AfterClass tearDown" time="0.002" classname="com.htc.Base.TestBase">
    <failure type="java.lang.NullPointerException">
      <![CDATA[java.lang.NullPointerException
at com.htc.Base.TestBase.tearDown(TestBase.java:63)
at java.util.concurrent.ThreadPoolExecutor.runWorker(ThreadPoolExecutor.java:1149)
at java.util.concurrent.ThreadPoolExecutor$Worker.run(ThreadPoolExecutor.java:624)
at java.lang.Thread.run(Thread.java:748)
... Removed 10 stack frames]]>
    </failure>
  </testcase> <!-- @AfterClass tearDown -->
  <testcase name="baseTest1" time="0.448" classname="com.tests.BasePageTest"/>
  <testcase name="baseTest3" time="0.004" classname="com.tests.BasePageTest"/>
  <testcase name="verifyHomePage" time="0.012" classname="com.tests.BasePageTest">
    <failure type="java.lang.NullPointerException">
      <![CDATA[java.lang.NullPointerException
at com.htc.Pages.BasePage.getPageTitle(BasePage.java:31)
at com.htc.Pages.BasePage.verifyBasePageTitle(BasePage.java:37)
at com.tests.BasePageTest.verifyHomePage(BasePageTest.java:26)
at java.util.concurrent.ThreadPoolExecutor.runWorker(ThreadPoolExecutor.java:1149)
at java.util.concurrent.ThreadPoolExecutor$Worker.run(ThreadPoolExecutor.java:624)
at java.lang.Thread.run(Thread.java:748)
... Removed 12 stack frames]]>
    </failure>
  </testcase> <!-- verifyHomePage -->
  <testcase name="SignInPageTestOne" time="0.01" classname="com.tests.SignInPageTest"/>
  <testcase name="SignInPageTestThree" time="0.03" classname="com.tests.SignInPageTest"/>
  <testcase name="SignInPageTestTwo" time="0.008" classname="com.tests.SignInPageTest"/>
  <testcase name="verifySignInFunction" time="0.004" classname="com.tests.SignInPageTest">
    <failure type="java.lang.NullPointerException">
      <![CDATA[java.lang.NullPointerException
at com.htc.Pages.BasePage.clickSignInBtn(BasePage.java:17)
at com.tests.SignInPageTest.verifySignInFunction(SignInPageTest.java:28)
at java.util.concurrent.ThreadPoolExecutor.runWorker(ThreadPoolExecutor.java:1149)
at java.util.concurrent.ThreadPoolExecutor$Worker.run(ThreadPoolExecutor.java:624)
at java.lang.Thread.run(Thread.java:748)
... Removed 12 stack frames]]>
    </failure>
  </testcase> <!-- verifySignInFunction -->
  <testcase name="createAccountExample1" time="0.008" classname="com.tests.CreateAccountTest"/>
  <testcase name="createAccountExample2" time="0.002" classname="com.tests.CreateAccountTest"/>
  <testcase name="verifyCreateAnAccountPage" time="0.002" classname="com.tests.CreateAccountTest">
    <failure type="java.lang.NullPointerException">
      <![CDATA[java.lang.NullPointerException
at com.htc.Pages.BasePage.clickSignInBtn(BasePage.java:17)
at com.tests.CreateAccountTest.verifyCreateAnAccountPage(CreateAccountTest.java:28)
at java.util.concurrent.ThreadPoolExecutor.runWorker(ThreadPoolExecutor.java:1149)
at java.util.concurrent.ThreadPoolExecutor$Worker.run(ThreadPoolExecutor.java:624)
at java.lang.Thread.run(Thread.java:748)
... Removed 12 stack frames]]>
    </failure>
  </testcase> <!-- verifyCreateAnAccountPage -->
  <testcase name="baseTest2" time="3.46" classname="com.tests.BasePageTest"/>
</testsuite> <!-- Admin Tests -->
